<?xml version="1.0" encoding="UTF-8"?>
<!-- Generated by org.testng.reporters.JUnitXMLReporter -->
<testsuite hostname="DESKTOP-BNAETR8" ignored="8" name="Test" tests="9" failures="0" timestamp="2021-06-01T21:52:04 IST" time="0.416" errors="0">
  <testcase name="@BeforeSuite intialize" time="0.03" classname="com.Guru99.globaltest.BaseTest">
    <failure type="java.io.FileNotFoundException" message="C:\Codebase\Bankproject\Resources\config\Book1.xlsx (The system cannot find the path specified)">
      <![CDATA[java.io.FileNotFoundException: C:\Codebase\Bankproject\Resources\config\Book1.xlsx (The system cannot find the path specified)
at java.io.FileInputStream.open0(Native Method)
at java.io.FileInputStream.open(FileInputStream.java:195)
at java.io.FileInputStream.<init>(FileInputStream.java:138)
at com.Guru99.utilities.Excelutil.intializeproperty(Excelutil.java:16)
at com.Guru99.globaltest.BaseTest.intialize(BaseTest.java:26)
... Removed 19 stack frames]]>
    </failure>
  </testcase> <!-- @BeforeSuite intialize -->
  <testcase name="@BeforeMethod launchbrowser" time="-1.622564524059E9" classname="com.Guru99.globaltest.BaseTest">
    <skipped/>
  </testcase> <!-- @BeforeMethod launchbrowser -->
  <testcase name="@BeforeMethod openApplication" time="-1.622564524061E9" classname="com.Guru99.globaltest.BaseTest">
    <skipped/>
  </testcase> <!-- @BeforeMethod openApplication -->
  <testcase name="@AfterMethod closebrowser" time="-1.622564524084E9" classname="com.Guru99.globaltest.BaseTest">
    <skipped/>
  </testcase> <!-- @AfterMethod closebrowser -->
  <testcase name="@BeforeMethod launchbrowser" time="-1.622564524089E9" classname="com.Guru99.globaltest.BaseTest">
    <skipped/>
  </testcase> <!-- @BeforeMethod launchbrowser -->
  <testcase name="@BeforeMethod openApplication" time="-1.62256452409E9" classname="com.Guru99.globaltest.BaseTest">
    <skipped/>
  </testcase> <!-- @BeforeMethod openApplication -->
  <testcase name="@AfterMethod closebrowser" time="-1.622564524096E9" classname="com.Guru99.globaltest.BaseTest">
    <skipped/>
  </testcase> <!-- @AfterMethod closebrowser -->
  <testcase name="@BeforeMethod launchbrowser" time="-1.622564524099E9" classname="com.Guru99.globaltest.BaseTest">
    <skipped/>
  </testcase> <!-- @BeforeMethod launchbrowser -->
  <testcase name="@BeforeMethod openApplication" time="-1.622564524101E9" classname="com.Guru99.globaltest.BaseTest">
    <skipped/>
  </testcase> <!-- @BeforeMethod openApplication -->
  <testcase name="@AfterMethod closebrowser" time="-1.622564524113E9" classname="com.Guru99.globaltest.BaseTest">
    <skipped/>
  </testcase> <!-- @AfterMethod closebrowser -->
  <testcase name="@BeforeMethod launchbrowser" time="-1.622564524116E9" classname="com.Guru99.globaltest.BaseTest">
    <skipped/>
  </testcase> <!-- @BeforeMethod launchbrowser -->
  <testcase name="@BeforeMethod openApplication" time="-1.622564524118E9" classname="com.Guru99.globaltest.BaseTest">
    <skipped/>
  </testcase> <!-- @BeforeMethod openApplication -->
  <testcase name="@AfterMethod closebrowser" time="-1.622564524127E9" classname="com.Guru99.globaltest.BaseTest">
    <skipped/>
  </testcase> <!-- @AfterMethod closebrowser -->
  <testcase name="@BeforeMethod launchbrowser" time="-1.622564524129E9" classname="com.Guru99.globaltest.BaseTest">
    <skipped/>
  </testcase> <!-- @BeforeMethod launchbrowser -->
  <testcase name="@BeforeMethod openApplication" time="-1.622564524131E9" classname="com.Guru99.globaltest.BaseTest">
    <skipped/>
  </testcase> <!-- @BeforeMethod openApplication -->
  <testcase name="@AfterMethod closebrowser" time="-1.622564524141E9" classname="com.Guru99.globaltest.BaseTest">
    <skipped/>
  </testcase> <!-- @AfterMethod closebrowser -->
  <testcase name="@BeforeMethod launchbrowser" time="-1.622564524144E9" classname="com.Guru99.globaltest.BaseTest">
    <skipped/>
  </testcase> <!-- @BeforeMethod launchbrowser -->
  <testcase name="@BeforeMethod openApplication" time="-1.622564524146E9" classname="com.Guru99.globaltest.BaseTest">
    <skipped/>
  </testcase> <!-- @BeforeMethod openApplication -->
  <testcase name="@AfterMethod closebrowser" time="-1.622564524152E9" classname="com.Guru99.globaltest.BaseTest">
    <skipped/>
  </testcase> <!-- @AfterMethod closebrowser -->
  <testcase name="@BeforeMethod launchbrowser" time="-1.622564524154E9" classname="com.Guru99.globaltest.BaseTest">
    <skipped/>
  </testcase> <!-- @BeforeMethod launchbrowser -->
  <testcase name="@BeforeMethod openApplication" time="-1.622564524155E9" classname="com.Guru99.globaltest.BaseTest">
    <skipped/>
  </testcase> <!-- @BeforeMethod openApplication -->
  <testcase name="@AfterMethod closebrowser" time="-1.622564524163E9" classname="com.Guru99.globaltest.BaseTest">
    <skipped/>
  </testcase> <!-- @AfterMethod closebrowser -->
  <testcase name="@BeforeMethod launchbrowser" time="-1.622564524172E9" classname="com.Guru99.globaltest.BaseTest">
    <skipped/>
  </testcase> <!-- @BeforeMethod launchbrowser -->
  <testcase name="@BeforeMethod openApplication" time="-1.622564524175E9" classname="com.Guru99.globaltest.BaseTest">
    <skipped/>
  </testcase> <!-- @BeforeMethod openApplication -->
  <testcase name="@AfterMethod closebrowser" time="-1.622564524194E9" classname="com.Guru99.globaltest.BaseTest">
    <skipped/>
  </testcase> <!-- @AfterMethod closebrowser -->
  <testcase name="@BeforeMethod launchbrowser" time="-1.622564524196E9" classname="com.Guru99.globaltest.BaseTest">
    <skipped/>
  </testcase> <!-- @BeforeMethod launchbrowser -->
  <testcase name="@BeforeMethod openApplication" time="-1.622564524198E9" classname="com.Guru99.globaltest.BaseTest">
    <skipped/>
  </testcase> <!-- @BeforeMethod openApplication -->
  <testcase name="@AfterMethod closebrowser" time="-1.622564524206E9" classname="com.Guru99.globaltest.BaseTest">
    <skipped/>
  </testcase> <!-- @AfterMethod closebrowser -->
  <testcase name="verifyFundsTranfer" time="0.0" classname="com.Guru99.tests.FundTransferTest">
    <skipped/>
  </testcase> <!-- verifyFundsTranfer -->
  <testcase name="verifyMiniStatement" time="0.0" classname="com.Guru99.tests.MiniStatementTest">
    <skipped/>
  </testcase> <!-- verifyMiniStatement -->
  <testcase name="verifyDepositAmount" time="0.0" classname="com.Guru99.tests.DepositAmountTest">
    <skipped/>
  </testcase> <!-- verifyDepositAmount -->
  <testcase name="verifyWithdrowAmount" time="0.0" classname="com.Guru99.tests.WithdrowAmountTest">
    <skipped/>
  </testcase> <!-- verifyWithdrowAmount -->
  <testcase name="verifyAddnewAccount" time="0.0" classname="com.Guru99.tests.NewAccountTest">
    <skipped/>
  </testcase> <!-- verifyAddnewAccount -->
  <testcase name="verifyvaliedcredentals" time="0.0" classname="com.Guru99.tests.LoginTest">
    <skipped/>
  </testcase> <!-- verifyvaliedcredentals -->
  <testcase name="VerifyNewCustomer" time="0.0" classname="com.Guru99.tests.NewCustomerTest">
    <skipped/>
  </testcase> <!-- VerifyNewCustomer -->
  <testcase name="verifyEditCustomerDetails" time="0.0" classname="com.Guru99.tests.BalanceEnquiryTest">
    <skipped/>
  </testcase> <!-- verifyEditCustomerDetails -->
  <testcase name="verifyEditCustomerDetails" time="0.0" classname="com.Guru99.tests.EditCustomerTest">
    <skipped/>
  </testcase> <!-- verifyEditCustomerDetails -->
  <testcase name="@BeforeSuite intialize" time="0.0" classname="com.Guru99.globaltest.BaseTest">
    <ignored/>
  </testcase> <!-- @BeforeSuite intialize -->
  <testcase name="@BeforeSuite intialize" time="0.0" classname="com.Guru99.globaltest.BaseTest">
    <ignored/>
  </testcase> <!-- @BeforeSuite intialize -->
  <testcase name="@BeforeSuite intialize" time="0.0" classname="com.Guru99.globaltest.BaseTest">
    <ignored/>
  </testcase> <!-- @BeforeSuite intialize -->
  <testcase name="@BeforeSuite intialize" time="0.0" classname="com.Guru99.globaltest.BaseTest">
    <ignored/>
  </testcase> <!-- @BeforeSuite intialize -->
  <testcase name="@BeforeSuite intialize" time="0.0" classname="com.Guru99.globaltest.BaseTest">
    <ignored/>
  </testcase> <!-- @BeforeSuite intialize -->
  <testcase name="@BeforeSuite intialize" time="0.0" classname="com.Guru99.globaltest.BaseTest">
    <ignored/>
  </testcase> <!-- @BeforeSuite intialize -->
  <testcase name="@BeforeSuite intialize" time="0.0" classname="com.Guru99.globaltest.BaseTest">
    <ignored/>
  </testcase> <!-- @BeforeSuite intialize -->
  <testcase name="@BeforeSuite intialize" time="0.0" classname="com.Guru99.globaltest.BaseTest">
    <ignored/>
  </testcase> <!-- @BeforeSuite intialize -->
</testsuite> <!-- Test -->
